<?xml version="1.0" encoding="UTF-8"?>
<!-- Generated by org.testng.reporters.JUnitReportReporter -->
<testsuite skipped="0" hostname="DESKTOP-DEEUVU1" name="com.qa.test.LoginTest" tests="1" failures="0" timestamp="15 Jan 2020 17:31:00 GMT" time="102.246" errors="0">
  <testcase name="logincheck" time="102.246" classname="com.qa.test.LoginTest"/>
</testsuite> <!-- com.qa.test.LoginTest -->
