<?xml version="1.0" encoding="UTF-8"?>
<!-- Generated by org.testng.reporters.JUnitReportReporter -->
<testsuite skipped="1" hostname="DESKTOP-DEEUVU1" name="com.qa.test.ContacatTest" tests="4" failures="0" timestamp="15 Jan 2020 17:51:24 GMT" time="167.658" errors="0">
  <testcase name="createnewcontact" time="42.763" classname="com.qa.test.ContacatTest"/>
  <testcase name="createnewcontact" time="63.861" classname="com.qa.test.ContacatTest"/>
  <testcase name="createnewcontact" time="61.034" classname="com.qa.test.ContacatTest"/>
  <testcase name="checklist" classname="com.qa.test.ContacatTest">
    <skipped/>
  </testcase> <!-- checklist -->
</testsuite> <!-- com.qa.test.ContacatTest -->
